Traceback (most recent call last):
  File "/opt/hostedtoolcache/Python/3.7.9/x64/lib/python3.7/site-packages/jupyter_cache/executors/utils.py", line 56, in single_nb_execution
    record_timing=False,
  File "/opt/hostedtoolcache/Python/3.7.9/x64/lib/python3.7/site-packages/nbclient/client.py", line 1087, in execute
    return NotebookClient(nb=nb, resources=resources, km=km, **kwargs).execute()
  File "/opt/hostedtoolcache/Python/3.7.9/x64/lib/python3.7/site-packages/nbclient/util.py", line 74, in wrapped
    return just_run(coro(*args, **kwargs))
  File "/opt/hostedtoolcache/Python/3.7.9/x64/lib/python3.7/site-packages/nbclient/util.py", line 53, in just_run
    return loop.run_until_complete(coro)
  File "/opt/hostedtoolcache/Python/3.7.9/x64/lib/python3.7/asyncio/base_events.py", line 587, in run_until_complete
    return future.result()
  File "/opt/hostedtoolcache/Python/3.7.9/x64/lib/python3.7/site-packages/nbclient/client.py", line 541, in async_execute
    cell, index, execution_count=self.code_cells_executed + 1
  File "/opt/hostedtoolcache/Python/3.7.9/x64/lib/python3.7/site-packages/nbclient/client.py", line 832, in async_execute_cell
    self._check_raise_for_error(cell, exec_reply)
  File "/opt/hostedtoolcache/Python/3.7.9/x64/lib/python3.7/site-packages/nbclient/client.py", line 740, in _check_raise_for_error
    raise CellExecutionError.from_cell_and_msg(cell, exec_reply['content'])
nbclient.exceptions.CellExecutionError: An error occurred while executing the following cell:
------------------
fig, ax = plt.subplots()
CS = ax.contour(THI, LI, DWL)
#ax.clabel(CS, inline=1, fontsize=10)
#ax.set_title('Simplest default with labels')
------------------

[0;31m---------------------------------------------------------------------------[0m
[0;31mTypeError[0m                                 Traceback (most recent call last)
[0;32m<ipython-input-16-88059d1f2ef4>[0m in [0;36m<module>[0;34m[0m
[1;32m      1[0m [0mfig[0m[0;34m,[0m [0max[0m [0;34m=[0m [0mplt[0m[0;34m.[0m[0msubplots[0m[0;34m([0m[0;34m)[0m[0;34m[0m[0;34m[0m[0m
[0;32m----> 2[0;31m [0mCS[0m [0;34m=[0m [0max[0m[0;34m.[0m[0mcontour[0m[0;34m([0m[0mTHI[0m[0;34m,[0m [0mLI[0m[0;34m,[0m [0mDWL[0m[0;34m)[0m[0;34m[0m[0;34m[0m[0m
[0m[1;32m      3[0m [0;31m#ax.clabel(CS, inline=1, fontsize=10)[0m[0;34m[0m[0;34m[0m[0;34m[0m[0m
[1;32m      4[0m [0;31m#ax.set_title('Simplest default with labels')[0m[0;34m[0m[0;34m[0m[0;34m[0m[0m

[0;32m/opt/hostedtoolcache/Python/3.7.9/x64/lib/python3.7/site-packages/matplotlib/__init__.py[0m in [0;36minner[0;34m(ax, data, *args, **kwargs)[0m
[1;32m   1445[0m     [0;32mdef[0m [0minner[0m[0;34m([0m[0max[0m[0;34m,[0m [0;34m*[0m[0margs[0m[0;34m,[0m [0mdata[0m[0;34m=[0m[0;32mNone[0m[0;34m,[0m [0;34m**[0m[0mkwargs[0m[0;34m)[0m[0;34m:[0m[0;34m[0m[0;34m[0m[0m
[1;32m   1446[0m         [0;32mif[0m [0mdata[0m [0;32mis[0m [0;32mNone[0m[0;34m:[0m[0;34m[0m[0;34m[0m[0m
[0;32m-> 1447[0;31m             [0;32mreturn[0m [0mfunc[0m[0;34m([0m[0max[0m[0;34m,[0m [0;34m*[0m[0mmap[0m[0;34m([0m[0msanitize_sequence[0m[0;34m,[0m [0margs[0m[0;34m)[0m[0;34m,[0m [0;34m**[0m[0mkwargs[0m[0;34m)[0m[0;34m[0m[0;34m[0m[0m
[0m[1;32m   1448[0m [0;34m[0m[0m
[1;32m   1449[0m         [0mbound[0m [0;34m=[0m [0mnew_sig[0m[0;34m.[0m[0mbind[0m[0;34m([0m[0max[0m[0;34m,[0m [0;34m*[0m[0margs[0m[0;34m,[0m [0;34m**[0m[0mkwargs[0m[0;34m)[0m[0;34m[0m[0;34m[0m[0m

[0;32m/opt/hostedtoolcache/Python/3.7.9/x64/lib/python3.7/site-packages/matplotlib/axes/_axes.py[0m in [0;36mcontour[0;34m(self, *args, **kwargs)[0m
[1;32m   6325[0m     [0;32mdef[0m [0mcontour[0m[0;34m([0m[0mself[0m[0;34m,[0m [0;34m*[0m[0margs[0m[0;34m,[0m [0;34m**[0m[0mkwargs[0m[0;34m)[0m[0;34m:[0m[0;34m[0m[0;34m[0m[0m
[1;32m   6326[0m         [0mkwargs[0m[0;34m[[0m[0;34m'filled'[0m[0;34m][0m [0;34m=[0m [0;32mFalse[0m[0;34m[0m[0;34m[0m[0m
[0;32m-> 6327[0;31m         [0mcontours[0m [0;34m=[0m [0mmcontour[0m[0;34m.[0m[0mQuadContourSet[0m[0;34m([0m[0mself[0m[0;34m,[0m [0;34m*[0m[0margs[0m[0;34m,[0m [0;34m**[0m[0mkwargs[0m[0;34m)[0m[0;34m[0m[0;34m[0m[0m
[0m[1;32m   6328[0m         [0mself[0m[0;34m.[0m[0m_request_autoscale_view[0m[0;34m([0m[0;34m)[0m[0;34m[0m[0;34m[0m[0m
[1;32m   6329[0m         [0;32mreturn[0m [0mcontours[0m[0;34m[0m[0;34m[0m[0m

[0;32m/opt/hostedtoolcache/Python/3.7.9/x64/lib/python3.7/site-packages/matplotlib/contour.py[0m in [0;36m__init__[0;34m(self, ax, levels, filled, linewidths, linestyles, hatches, alpha, origin, extent, cmap, colors, norm, vmin, vmax, extend, antialiased, nchunk, locator, transform, *args, **kwargs)[0m
[1;32m    814[0m         [0mself[0m[0;34m.[0m[0m_transform[0m [0;34m=[0m [0mtransform[0m[0;34m[0m[0;34m[0m[0m
[1;32m    815[0m [0;34m[0m[0m
[0;32m--> 816[0;31m         [0mkwargs[0m [0;34m=[0m [0mself[0m[0;34m.[0m[0m_process_args[0m[0;34m([0m[0;34m*[0m[0margs[0m[0;34m,[0m [0;34m**[0m[0mkwargs[0m[0;34m)[0m[0;34m[0m[0;34m[0m[0m
[0m[1;32m    817[0m         [0mself[0m[0;34m.[0m[0m_process_levels[0m[0;34m([0m[0;34m)[0m[0;34m[0m[0;34m[0m[0m
[1;32m    818[0m [0;34m[0m[0m

[0;32m/opt/hostedtoolcache/Python/3.7.9/x64/lib/python3.7/site-packages/matplotlib/contour.py[0m in [0;36m_process_args[0;34m(self, corner_mask, *args, **kwargs)[0m
[1;32m   1428[0m             [0mself[0m[0;34m.[0m[0m_corner_mask[0m [0;34m=[0m [0mcorner_mask[0m[0;34m[0m[0;34m[0m[0m
[1;32m   1429[0m [0;34m[0m[0m
[0;32m-> 1430[0;31m             [0mx[0m[0;34m,[0m [0my[0m[0;34m,[0m [0mz[0m [0;34m=[0m [0mself[0m[0;34m.[0m[0m_contour_args[0m[0;34m([0m[0margs[0m[0;34m,[0m [0mkwargs[0m[0;34m)[0m[0;34m[0m[0;34m[0m[0m
[0m[1;32m   1431[0m [0;34m[0m[0m
[1;32m   1432[0m             [0m_mask[0m [0;34m=[0m [0mma[0m[0;34m.[0m[0mgetmask[0m[0;34m([0m[0mz[0m[0;34m)[0m[0;34m[0m[0;34m[0m[0m

[0;32m/opt/hostedtoolcache/Python/3.7.9/x64/lib/python3.7/site-packages/matplotlib/contour.py[0m in [0;36m_contour_args[0;34m(self, args, kwargs)[0m
[1;32m   1486[0m             [0margs[0m [0;34m=[0m [0margs[0m[0;34m[[0m[0;36m1[0m[0;34m:[0m[0;34m][0m[0;34m[0m[0;34m[0m[0m
[1;32m   1487[0m         [0;32melif[0m [0mNargs[0m [0;34m<=[0m [0;36m4[0m[0;34m:[0m[0;34m[0m[0;34m[0m[0m
[0;32m-> 1488[0;31m             [0mx[0m[0;34m,[0m [0my[0m[0;34m,[0m [0mz[0m [0;34m=[0m [0mself[0m[0;34m.[0m[0m_check_xyz[0m[0;34m([0m[0margs[0m[0;34m[[0m[0;34m:[0m[0;36m3[0m[0;34m][0m[0;34m,[0m [0mkwargs[0m[0;34m)[0m[0;34m[0m[0;34m[0m[0m
[0m[1;32m   1489[0m             [0margs[0m [0;34m=[0m [0margs[0m[0;34m[[0m[0;36m3[0m[0;34m:[0m[0;34m][0m[0;34m[0m[0;34m[0m[0m
[1;32m   1490[0m         [0;32melse[0m[0;34m:[0m[0;34m[0m[0;34m[0m[0m

[0;32m/opt/hostedtoolcache/Python/3.7.9/x64/lib/python3.7/site-packages/matplotlib/contour.py[0m in [0;36m_check_xyz[0;34m(self, args, kwargs)[0m
[1;32m   1514[0m         [0mx[0m [0;34m=[0m [0mnp[0m[0;34m.[0m[0masarray[0m[0;34m([0m[0mx[0m[0;34m,[0m [0mdtype[0m[0;34m=[0m[0mnp[0m[0;34m.[0m[0mfloat64[0m[0;34m)[0m[0;34m[0m[0;34m[0m[0m
[1;32m   1515[0m         [0my[0m [0;34m=[0m [0mnp[0m[0;34m.[0m[0masarray[0m[0;34m([0m[0my[0m[0;34m,[0m [0mdtype[0m[0;34m=[0m[0mnp[0m[0;34m.[0m[0mfloat64[0m[0;34m)[0m[0;34m[0m[0;34m[0m[0m
[0;32m-> 1516[0;31m         [0mz[0m [0;34m=[0m [0mma[0m[0;34m.[0m[0masarray[0m[0;34m([0m[0margs[0m[0;34m[[0m[0;36m2[0m[0;34m][0m[0;34m,[0m [0mdtype[0m[0;34m=[0m[0mnp[0m[0;34m.[0m[0mfloat64[0m[0;34m)[0m[0;34m[0m[0;34m[0m[0m
[0m[1;32m   1517[0m [0;34m[0m[0m
[1;32m   1518[0m         [0;32mif[0m [0mz[0m[0;34m.[0m[0mndim[0m [0;34m!=[0m [0;36m2[0m[0;34m:[0m[0;34m[0m[0;34m[0m[0m

[0;32m/opt/hostedtoolcache/Python/3.7.9/x64/lib/python3.7/site-packages/numpy/ma/core.py[0m in [0;36masarray[0;34m(a, dtype, order)[0m
[1;32m   7947[0m     [0morder[0m [0;34m=[0m [0morder[0m [0;32mor[0m [0;34m'C'[0m[0;34m[0m[0;34m[0m[0m
[1;32m   7948[0m     return masked_array(a, dtype=dtype, copy=False, keep_mask=True,
[0;32m-> 7949[0;31m                         subok=False, order=order)
[0m[1;32m   7950[0m [0;34m[0m[0m
[1;32m   7951[0m [0;34m[0m[0m

[0;32m/opt/hostedtoolcache/Python/3.7.9/x64/lib/python3.7/site-packages/numpy/ma/core.py[0m in [0;36m__new__[0;34m(cls, data, mask, dtype, copy, subok, ndmin, fill_value, keep_mask, hard_mask, shrink, order, **options)[0m
[1;32m   2830[0m         [0;31m# Process data.[0m[0;34m[0m[0;34m[0m[0;34m[0m[0m
[1;32m   2831[0m         _data = np.array(data, dtype=dtype, copy=copy,
[0;32m-> 2832[0;31m                          order=order, subok=True, ndmin=ndmin)
[0m[1;32m   2833[0m         [0m_baseclass[0m [0;34m=[0m [0mgetattr[0m[0;34m([0m[0mdata[0m[0;34m,[0m [0;34m'_baseclass'[0m[0;34m,[0m [0mtype[0m[0;34m([0m[0m_data[0m[0;34m)[0m[0;34m)[0m[0;34m[0m[0;34m[0m[0m
[1;32m   2834[0m         [0;31m# Check that we're not erasing the mask.[0m[0;34m[0m[0;34m[0m[0;34m[0m[0m

[0;31mTypeError[0m: float() argument must be a string or a number, not 'function'
TypeError: float() argument must be a string or a number, not 'function'

